Performing C SOURCE FILE Test CMAKE_HAVE_LIBC_PTHREAD failed with the following output:
Change Dir: /root/raytracedicom_updated1011/build/CMakeFiles/CMakeScratch/TryCompile-O1MqEW

Run Build Command(s):/usr/bin/make -f Makefile cmTC_37ccb/fast && /usr/bin/make  -f CMakeFiles/cmTC_37ccb.dir/build.make CMakeFiles/cmTC_37ccb.dir/build
make[1]: Entering directory '/root/raytracedicom_updated1011/build/CMakeFiles/CMakeScratch/TryCompile-O1MqEW'
Building C object CMakeFiles/cmTC_37ccb.dir/src.c.o
/usr/bin/cc -DCMAKE_HAVE_LIBC_PTHREAD  -fPIC  -o CMakeFiles/cmTC_37ccb.dir/src.c.o -c /root/raytracedicom_updated1011/build/CMakeFiles/CMakeScratch/TryCompile-O1MqEW/src.c
Linking C executable cmTC_37ccb
/usr/local/miniconda3/lib/python3.8/site-packages/cmake/data/bin/cmake -E cmake_link_script CMakeFiles/cmTC_37ccb.dir/link.txt --verbose=1
/usr/bin/cc -fPIC  CMakeFiles/cmTC_37ccb.dir/src.c.o -o cmTC_37ccb 
/usr/bin/ld: CMakeFiles/cmTC_37ccb.dir/src.c.o: in function `main':
src.c:(.text+0x46): undefined reference to `pthread_create'
/usr/bin/ld: src.c:(.text+0x52): undefined reference to `pthread_detach'
/usr/bin/ld: src.c:(.text+0x5e): undefined reference to `pthread_cancel'
/usr/bin/ld: src.c:(.text+0x6f): undefined reference to `pthread_join'
collect2: error: ld returned 1 exit status
make[1]: *** [CMakeFiles/cmTC_37ccb.dir/build.make:99: cmTC_37ccb] Error 1
make[1]: Leaving directory '/root/raytracedicom_updated1011/build/CMakeFiles/CMakeScratch/TryCompile-O1MqEW'
make: *** [Makefile:127: cmTC_37ccb/fast] Error 2


Source file was:
#include <pthread.h>

static void* test_func(void* data)
{
  return data;
}

int main(void)
{
  pthread_t thread;
  pthread_create(&thread, NULL, test_func, NULL);
  pthread_detach(thread);
  pthread_cancel(thread);
  pthread_join(thread, NULL);
  pthread_atfork(NULL, NULL, NULL);
  pthread_exit(NULL);

  return 0;
}


Determining if the function pthread_create exists in the pthreads failed with the following output:
Change Dir: /root/raytracedicom_updated1011/build/CMakeFiles/CMakeScratch/TryCompile-plejoX

Run Build Command(s):/usr/bin/make -f Makefile cmTC_45865/fast && /usr/bin/make  -f CMakeFiles/cmTC_45865.dir/build.make CMakeFiles/cmTC_45865.dir/build
make[1]: Entering directory '/root/raytracedicom_updated1011/build/CMakeFiles/CMakeScratch/TryCompile-plejoX'
Building C object CMakeFiles/cmTC_45865.dir/CheckFunctionExists.c.o
/usr/bin/cc   -fPIC -DCHECK_FUNCTION_EXISTS=pthread_create -o CMakeFiles/cmTC_45865.dir/CheckFunctionExists.c.o -c /root/raytracedicom_updated1011/build/CMakeFiles/CMakeScratch/TryCompile-plejoX/CheckFunctionExists.c
Linking C executable cmTC_45865
/usr/local/miniconda3/lib/python3.8/site-packages/cmake/data/bin/cmake -E cmake_link_script CMakeFiles/cmTC_45865.dir/link.txt --verbose=1
/usr/bin/cc -fPIC -DCHECK_FUNCTION_EXISTS=pthread_create CMakeFiles/cmTC_45865.dir/CheckFunctionExists.c.o -o cmTC_45865  -lpthreads 
/usr/bin/ld: cannot find -lpthreads
collect2: error: ld returned 1 exit status
make[1]: *** [CMakeFiles/cmTC_45865.dir/build.make:99: cmTC_45865] Error 1
make[1]: Leaving directory '/root/raytracedicom_updated1011/build/CMakeFiles/CMakeScratch/TryCompile-plejoX'
make: *** [Makefile:127: cmTC_45865/fast] Error 2



